<?xml version="1.0" encoding="UTF-8"?>
<testsuite xmlns:xsi="http://www.w3.org/2001/XMLSchema-instance" xsi:schemaLocation="https://maven.apache.org/surefire/maven-surefire-plugin/xsd/surefire-test-report.xsd" name="TestStackoverflow" time="15.2" tests="1" errors="0" skipped="0" failures="1">
  <properties>
[...]
</properties>
  <testcase name="testWebdriverStackOverflow" classname="TestStackoverflow" time="5.854">
    <failure message="Ссылка не содержит слово WebDriver: &#10;	&quot;Selenium using Python - Geckodriver executable needs to be in PATH&quot;" type="java.lang.AssertionError">java.lang.AssertionError: 
Ссылка не содержит слово WebDriver: 
	"Selenium using Python - Geckodriver executable needs to be in PATH"
	at TestStackoverflow.parseAndCheckSearchResults(TestStackoverflow.java:114)
	at TestStackoverflow.testWebdriverStackOverflow(TestStackoverflow.java:65)
</failure>
    <system-out><![CDATA[Начинаю тест "Тестовое задание на позицию АТ"
Загружаю драйвер...Загружено

	 Начинаю новый тест
1) Перейти на внешний ресурс: http://stackoverflow.com/ 
2) В строку поиска ввести значение «webdriver».
3) Проверить, что в каждом результате представлено слово WebDriver.
	Ссылка не содержит слово WebDriver: 
	"Selenium using Python - Geckodriver executable needs to be in PATH"
]]></system-out>
    <system-err><![CDATA[янв 24, 2019 2:41:17 PM org.openqa.selenium.remote.ProtocolHandshake createSession
INFO: Detected dialect: OSS
]]></system-err>
  </testcase>
</testsuite>